<?xml version="1.0" encoding="UTF-8"?>
<testng-results skipped="0" failed="0" ignored="0" total="1" passed="1">
  <reporter-output>
  </reporter-output>
  <suite name="Default suite" duration-ms="549" started-at="2019-01-05T05:56:48Z" finished-at="2019-01-05T05:56:48Z">
    <groups>
      <group name="cucumber">
        <method signature="AbstractTestNGCucumberTests.feature(cucumber.api.testng.CucumberFeatureWrapper)[pri:0, instance:com.byjus.test.TestRunTest@5ec0a365]" name="feature" class="cucumber.api.testng.AbstractTestNGCucumberTests"/>
      </group> <!-- cucumber -->
    </groups>
    <test name="Default test" duration-ms="549" started-at="2019-01-05T05:56:48Z" finished-at="2019-01-05T05:56:48Z">
      <class name="com.byjus.test.TestRunTest">
        <test-method status="PASS" signature="setUpClass()[pri:0, instance:com.byjus.test.TestRunTest@5ec0a365]" name="setUpClass" is-config="true" duration-ms="240" started-at="2019-01-05T05:56:48Z" finished-at="2019-01-05T05:56:48Z">
          <reporter-output>
          </reporter-output>
        </test-method> <!-- setUpClass -->
        <test-method status="PASS" signature="feature(cucumber.api.testng.CucumberFeatureWrapper)[pri:0, instance:com.byjus.test.TestRunTest@5ec0a365]" name="feature" duration-ms="147" started-at="2019-01-05T05:56:48Z" description="Runs Cucumber Feature" data-provider="features" finished-at="2019-01-05T05:56:48Z">
          <params>
            <param index="0">
              <value>
                <![CDATA[Addition of two number]]>
              </value>
            </param>
          </params>
          <reporter-output>
          </reporter-output>
        </test-method> <!-- feature -->
        <test-method status="PASS" signature="tearDownClass()[pri:0, instance:com.byjus.test.TestRunTest@5ec0a365]" name="tearDownClass" is-config="true" duration-ms="71" started-at="2019-01-05T05:56:48Z" finished-at="2019-01-05T05:56:48Z">
          <reporter-output>
          </reporter-output>
        </test-method> <!-- tearDownClass -->
      </class> <!-- com.byjus.test.TestRunTest -->
    </test> <!-- Default test -->
  </suite> <!-- Default suite -->
</testng-results>
